[2025-09-11 10:35:37,504] - ERROR - [Hundler - runServices] ERROR: No module named 'pyodbc'
[2025-09-11 10:36:45,916] - ERROR - [Hundler - runServices] ERROR: No module named 'pyodbc'
[2025-09-11 10:37:25,484] - ERROR - [Hundler - runServices] ERROR: No module named 'pyodbc'
[2025-09-11 10:37:28,604] - ERROR - [Hundler - runServices] ERROR: No module named 'pyodbc'
[2025-09-11 10:37:30,184] - ERROR - [Hundler - runServices] ERROR: No module named 'pyodbc'
[2025-09-11 10:37:31,178] - ERROR - [Hundler - runServices] ERROR: No module named 'pyodbc'
[2025-09-11 10:38:21,062] - ERROR - [Hundler - runServices] ERROR: No module named 'pyodbc'
[2025-09-11 10:38:36,884] - ERROR - [Hundler - runServices] ERROR: No module named 'pyodbc'
[2025-09-11 10:38:48,945] - ERROR - [Hundler - runServices] ERROR: No module named 'pyodbc'
[2025-09-11 10:38:52,039] - ERROR - [Hundler - runServices] ERROR: No module named 'pyodbc'
[2025-09-11 10:39:15,071] - ERROR - [Hundler - runServices] ERROR: No module named 'pyodbc'
[2025-09-11 10:39:18,402] - ERROR - [Hundler - runServices] ERROR: No module named 'pyodbc'
[2025-09-11 10:39:26,942] - ERROR - [Hundler - runServices] ERROR: No module named 'pyodbc'
[2025-09-11 11:44:43,697] - INFO - Errore nell'esecuzione del servizio cannot import name 'FilePropertiesFactory' from 'factory.filePropertiesUtils' (C:\devOps\NoteSharingProject\code\factory\filePropertiesUtils.py)
[2025-09-11 11:44:50,685] - INFO - Errore nell'esecuzione del servizio cannot import name 'FilePropertiesFactory' from 'factory.filePropertiesUtils' (C:\devOps\NoteSharingProject\code\factory\filePropertiesUtils.py)
[2025-09-11 11:44:52,187] - INFO - Errore nell'esecuzione del servizio cannot import name 'FilePropertiesFactory' from 'factory.filePropertiesUtils' (C:\devOps\NoteSharingProject\code\factory\filePropertiesUtils.py)
[2025-09-11 11:44:53,165] - INFO - Errore nell'esecuzione del servizio cannot import name 'FilePropertiesFactory' from 'factory.filePropertiesUtils' (C:\devOps\NoteSharingProject\code\factory\filePropertiesUtils.py)
[2025-09-11 11:45:13,672] - INFO - Errore nell'esecuzione del servizio cannot import name 'FilePropertiesFactory' from 'factory.filePropertiesUtils' (C:\devOps\NoteSharingProject\code\factory\filePropertiesUtils.py)
[2025-09-11 11:45:18,320] - INFO - Errore nell'esecuzione del servizio cannot import name 'FilePropertiesFactory' from 'factory.filePropertiesUtils' (C:\devOps\NoteSharingProject\code\factory\filePropertiesUtils.py)
[2025-09-11 11:55:49,158] - INFO - Errore nell'esecuzione del servizio ThrowableExcept.__init__() got an unexpected keyword argument 'msgError'
[2025-09-11 11:55:52,118] - INFO - Errore nell'esecuzione del servizio ThrowableExcept.__init__() got an unexpected keyword argument 'msgError'
[2025-09-11 11:56:16,763] - INFO - Errore nell'esecuzione del servizio ThrowableExcept.__init__() got an unexpected keyword argument 'msgError'
[2025-09-11 11:57:04,195] - INFO - Errore nell'esecuzione del servizio ThrowableExcept.__init__() got an unexpected keyword argument 'msgError'
[2025-09-11 11:57:14,057] - INFO - Errore nell'esecuzione del servizio ThrowableExcept.__init__() got an unexpected keyword argument 'msgError'
[2025-09-11 12:03:40,707] - INFO - Errore nell'esecuzione del servizio ThrowableExcept.__init__() got an unexpected keyword argument 'msgError'
[2025-09-11 12:21:49,723] - INFO - Errore nell'esecuzione del servizio not all arguments converted during string formatting
[2025-09-11 12:59:18,056] - INFO - Errore nell'esecuzione del servizio not all arguments converted during string formatting
[2025-09-11 13:00:10,894] - INFO - Errore nell'esecuzione del servizio not all arguments converted during string formatting
[2025-09-11 13:00:28,740] - INFO - Errore nell'esecuzione del servizio not all arguments converted during string formatting
[2025-09-11 13:05:48,295] - INFO - Errore nell'esecuzione del servizio unsupported format character 'Y' (0x59) at index 70
[2025-09-11 13:13:59,760] - INFO - Errore nell'esecuzione del servizio module 'datetime' has no attribute 'strptime'
[2025-09-11 13:14:35,526] - INFO - Errore nell'esecuzione del servizio module 'datetime' has no attribute 'strptime'
[2025-09-11 13:14:53,749] - INFO - Errore nell'esecuzione del servizio module 'datetime' has no attribute 'strptime'
[2025-09-11 13:15:39,266] - INFO - Errore nell'esecuzione del servizio module 'datetime' has no attribute 'strptime'
[2025-09-11 13:16:03,645] - INFO - Errore nell'esecuzione del servizio module 'datetime' has no attribute 'now'
[2025-09-11 13:16:18,650] - INFO - Errore nell'esecuzione del servizio module 'datetime' has no attribute 'strptime'
[2025-09-11 13:17:45,867] - INFO - Errore nell'esecuzione del servizio module 'datetime' has no attribute 'strptime'
[2025-09-11 13:20:52,752] - INFO - Errore nell'esecuzione del servizio cannot access local variable 'ts' where it is not associated with a value
[2025-09-11 13:21:42,164] - INFO - Errore nell'esecuzione del servizio unsupported operand type(s) for -: 'datetime.datetime' and 'str'
[2025-09-11 13:22:09,686] - INFO - Errore nell'esecuzione del servizio unsupported operand type(s) for -: 'datetime.datetime' and 'str'
[2025-09-11 13:22:13,802] - INFO - Errore nell'esecuzione del servizio unsupported operand type(s) for -: 'datetime.datetime' and 'str'
[2025-09-11 13:24:32,342] - INFO - Errore nell'esecuzione del servizio can't subtract offset-naive and offset-aware datetimes
[2025-09-11 14:35:14,626] - INFO - Errore nell'esecuzione del servizio can't subtract offset-naive and offset-aware datetimes
[2025-09-11 14:36:29,997] - INFO - Errore nell'esecuzione del servizio unsupported operand type(s) for -: 'str' and 'datetime.datetime'
[2025-09-11 14:38:05,669] - INFO - Errore nell'esecuzione del servizio can't subtract offset-naive and offset-aware datetimes
[2025-09-11 14:38:41,517] - INFO - Errore nell'esecuzione del servizio unsupported operand type(s) for -: 'str' and 'datetime.datetime'
[2025-09-11 14:39:16,517] - INFO - Errore nell'esecuzione del servizio unsupported operand type(s) for -: 'str' and 'datetime.datetime'
[2025-09-11 14:39:40,321] - INFO - Errore nell'esecuzione del servizio name 'ts' is not defined
[2025-09-11 14:39:51,545] - INFO - Errore nell'esecuzione del servizio unsupported operand type(s) for -: 'str' and 'str'
[2025-09-11 14:40:57,386] - INFO - Errore nell'esecuzione del servizio unsupported operand type(s) for -: 'str' and 'datetime.datetime'
[2025-09-11 14:41:26,006] - INFO - Errore nell'esecuzione del servizio cannot access local variable 'diff' where it is not associated with a value
[2025-09-11 14:42:53,362] - INFO - Errore nell'esecuzione del servizio can't subtract offset-naive and offset-aware datetimes
[2025-09-11 14:44:41,331] - INFO - Errore nell'esecuzione del servizio cannot access local variable 'diff' where it is not associated with a value
[2025-09-11 14:45:05,897] - INFO - Errore nell'esecuzione del servizio cannot access local variable 'diff' where it is not associated with a value
[2025-09-11 14:45:45,179] - INFO - Errore nell'esecuzione del servizio strptime() argument 1 must be str, not datetime.datetime
[2025-09-11 14:54:54,648] - INFO - Errore nell'esecuzione del servizio 'ltToken'
[2025-09-11 14:55:09,153] - INFO - Errore nell'esecuzione del servizio 'ltToken'
[2025-09-11 16:32:26,492] - INFO - Errore nell'esecuzione del servizio 'bool' object is not subscriptable
[2025-09-11 16:42:02,427] - INFO - Errore nell'esecuzione del servizio 'bool' object is not subscriptable
[2025-09-11 16:42:27,198] - INFO - Errore nell'esecuzione del servizio 'bool' object is not subscriptable
[2025-09-11 16:43:27,777] - INFO - Errore nell'esecuzione del servizio 'bool' object is not subscriptable
[2025-09-11 16:43:41,729] - INFO - Errore nell'esecuzione del servizio 'bool' object is not subscriptable
[2025-09-11 16:44:09,533] - INFO - Errore nell'esecuzione del servizio 'bool' object is not subscriptable
[2025-09-11 16:44:37,310] - INFO - Errore nell'esecuzione del servizio 'bool' object is not subscriptable
[2025-09-11 16:45:02,898] - INFO - Errore nell'esecuzione del servizio 'bool' object is not subscriptable
[2025-09-11 16:45:38,479] - INFO - Errore nell'esecuzione del servizio 'bool' object is not subscriptable
[2025-09-11 16:46:43,251] - INFO - Errore nell'esecuzione del servizio 'bool' object is not subscriptable
[2025-09-13 15:13:16,393] - INFO - Errore nell'esecuzione del servizio (2013, 'Lost connection to MySQL server during query')
[2025-09-13 15:13:26,686] - INFO - Errore nell'esecuzione del servizio No section: 'notesharingDBMS'
[2025-09-13 15:15:26,190] - INFO - Errore nell'esecuzione del servizio No section: 'notesharingDBMS'
[2025-09-13 15:15:47,288] - INFO - Errore nell'esecuzione del servizio index out of range
[2025-09-13 15:15:52,057] - INFO - Errore nell'esecuzione del servizio 'list' object has no attribute 'find'
[2025-09-13 15:40:57,881] - INFO - Errore nell'esecuzione del servizio No section: 'notesharingDBMS'
[2025-09-13 15:41:01,071] - INFO - Errore nell'esecuzione del servizio Already closed
[2025-09-13 15:41:03,888] - INFO - Errore nell'esecuzione del servizio 'list' object has no attribute 'find'
[2025-09-13 15:41:03,890] - INFO - Errore nell'esecuzione del servizio Already closed
[2025-09-13 15:42:15,446] - INFO - Errore nell'esecuzione del servizio Already closed
[2025-09-13 15:42:15,448] - INFO - Errore nell'esecuzione del servizio Already closed
[2025-09-13 15:43:08,299] - INFO - Errore nell'esecuzione del servizio index out of range
[2025-09-13 15:43:11,471] - INFO - Errore nell'esecuzione del servizio No section: 'notesharingDBMS'
[2025-09-13 15:53:48,093] - INFO - Errore nell'esecuzione del servizio No section: 'notesharingDBMS'
[2025-09-13 15:53:57,475] - INFO - Errore nell'esecuzione del servizio No section: 'notesharingDBMS'
[2025-09-13 15:53:59,554] - INFO - Errore nell'esecuzione del servizio (2013, 'Lost connection to MySQL server during query')
[2025-09-13 15:54:00,836] - INFO - Errore nell'esecuzione del servizio No section: 'notesharingDBMS'
[2025-09-13 15:54:07,331] - INFO - Errore nell'esecuzione del servizio index out of range
[2025-09-13 15:54:55,433] - INFO - Errore nell'esecuzione del servizio No section: 'notesharingDBMS'
[2025-09-13 15:56:19,991] - INFO - Errore nell'esecuzione del servizio No section: 'notesharingDBMS'
[2025-09-13 15:56:19,991] - INFO - Errore nell'esecuzione del servizio No section: 'notesharingDBMS'
[2025-09-13 15:56:27,423] - INFO - Errore nell'esecuzione del servizio Already closed
[2025-09-13 15:56:27,423] - INFO - Errore nell'esecuzione del servizio Already closed
[2025-09-13 15:56:44,708] - INFO - Errore nell'esecuzione del servizio No section: 'notesharingDBMS'
[2025-09-13 15:58:31,042] - INFO - Errore nell'esecuzione del servizio No section: 'notesharingDBMS'
[2025-09-13 15:58:36,174] - INFO - Errore nell'esecuzione del servizio No section: 'notesharingDBMS'
[2025-09-13 15:58:40,132] - INFO - Errore nell'esecuzione del servizio No section: 'notesharingDBMS'
[2025-09-13 16:04:46,071] - INFO - Errore nell'esecuzione del servizio No section: 'notesharingDBMS'
[2025-09-13 16:04:47,986] - INFO - Errore nell'esecuzione del servizio 'NoneType' object has no attribute 'read'
[2025-09-13 16:05:05,808] - INFO - Errore nell'esecuzione del servizio 'NoneType' object has no attribute 'read'
[2025-09-13 16:05:07,765] - INFO - Errore nell'esecuzione del servizio Packet sequence number wrong - got 55 expected 1
[2025-09-13 16:05:09,008] - INFO - Errore nell'esecuzione del servizio No section: 'notesharingDBMS'
[2025-09-13 16:05:10,498] - INFO - Errore nell'esecuzione del servizio No section: 'notesharingDBMS'
[2025-09-13 16:05:12,857] - INFO - Errore nell'esecuzione del servizio 'NoneType' object has no attribute 'read'
[2025-09-13 16:05:15,233] - INFO - Errore nell'esecuzione del servizio No section: 'notesharingDBMS'
[2025-09-13 16:05:16,666] - INFO - Errore nell'esecuzione del servizio 'NoneType' object has no attribute 'settimeout'
[2025-09-13 16:05:17,834] - INFO - Errore nell'esecuzione del servizio No section: 'notesharingDBMS'
[2025-09-13 16:08:59,905] - INFO - Errore nell'esecuzione del servizio 'NoneType' object has no attribute 'settimeout'
[2025-09-13 16:09:01,893] - INFO - Errore nell'esecuzione del servizio No section: 'notesharingDBMS'
[2025-09-13 16:09:03,761] - INFO - Errore nell'esecuzione del servizio No section: 'notesharingDBMS'
[2025-09-13 16:09:05,640] - INFO - Errore nell'esecuzione del servizio No section: 'notesharingDBMS'
[2025-09-13 16:09:07,649] - INFO - Errore nell'esecuzione del servizio No section: 'notesharingDBMS'
[2025-09-13 16:13:48,775] - INFO - Errore nell'esecuzione del servizio 'NoneType' object has no attribute 'settimeout'
[2025-09-13 16:13:50,965] - INFO - Errore nell'esecuzione del servizio 'NoneType' object has no attribute 'read'
[2025-09-13 16:13:50,966] - INFO - Errore nell'esecuzione del servizio (2013, 'Lost connection to MySQL server during query')
[2025-09-13 16:13:52,309] - INFO - Errore nell'esecuzione del servizio No section: 'notesharingDBMS'
[2025-09-13 16:13:53,512] - INFO - Errore nell'esecuzione del servizio No section: 'notesharingDBMS'
[2025-09-13 16:13:55,227] - INFO - Errore nell'esecuzione del servizio No section: 'notesharingDBMS'
[2025-09-13 16:13:56,181] - INFO - Errore nell'esecuzione del servizio 'NoneType' object has no attribute 'read'
[2025-09-13 16:13:56,181] - INFO - Errore nell'esecuzione del servizio (2013, 'Lost connection to MySQL server during query')
[2025-09-13 16:13:57,062] - INFO - Errore nell'esecuzione del servizio 'NoneType' object has no attribute 'read'
[2025-09-13 16:13:58,206] - INFO - Errore nell'esecuzione del servizio No section: 'notesharingDBMS'
[2025-09-13 16:13:59,321] - INFO - Errore nell'esecuzione del servizio No section: 'notesharingDBMS'
[2025-09-13 16:14:00,456] - INFO - Errore nell'esecuzione del servizio 'NoneType' object has no attribute 'settimeout'
[2025-09-13 16:14:02,742] - INFO - Errore nell'esecuzione del servizio 'NoneType' object has no attribute 'read'
[2025-09-13 16:16:45,784] - INFO - Errore nell'esecuzione del servizio 'NoneType' object has no attribute 'settimeout'
[2025-09-13 16:18:42,324] - INFO - Errore nell'esecuzione del servizio No section: 'notesharingDBMS'
[2025-09-13 16:18:44,302] - INFO - Errore nell'esecuzione del servizio Packet sequence number wrong - got 1 expected 9
[2025-09-13 16:18:46,460] - INFO - Errore nell'esecuzione del servizio No section: 'notesharingDBMS'
[2025-09-13 16:18:48,227] - INFO - Errore nell'esecuzione del servizio No section: 'notesharingDBMS'
[2025-09-13 16:18:49,892] - INFO - Errore nell'esecuzione del servizio No section: 'notesharingDBMS'
[2025-09-13 16:18:51,036] - INFO - Errore nell'esecuzione del servizio No section: 'notesharingDBMS'
[2025-09-13 16:18:53,369] - INFO - Errore nell'esecuzione del servizio 'list' object has no attribute 'find'
[2025-09-13 16:19:46,585] - INFO - Errore nell'esecuzione del servizio No section: 'notesharingDBMS'
[2025-09-13 16:19:48,469] - INFO - Errore nell'esecuzione del servizio 'NoneType' object has no attribute 'settimeout'
[2025-09-13 16:22:03,749] - INFO - Errore nell'esecuzione del servizio 'NoneType' object has no attribute 'read'
[2025-09-13 16:22:03,750] - INFO - Errore nell'esecuzione del servizio Packet sequence number wrong - got 39 expected 8
[2025-09-13 16:22:11,942] - INFO - Errore nell'esecuzione del servizio No section: 'notesharingDBMS'
[2025-09-13 16:22:20,897] - INFO - Errore nell'esecuzione del servizio 'NoneType' object has no attribute 'settimeout'
[2025-09-13 16:22:22,242] - INFO - Errore nell'esecuzione del servizio Already closed
[2025-09-13 16:22:23,428] - INFO - Errore nell'esecuzione del servizio invalid literal for int() with base 10: 'pippo'
[2025-09-13 16:22:25,026] - INFO - Errore nell'esecuzione del servizio 'NoneType' object has no attribute 'read'
[2025-09-13 16:22:26,308] - INFO - Errore nell'esecuzione del servizio No section: 'notesharingDBMS'
[2025-09-13 16:22:27,492] - INFO - Errore nell'esecuzione del servizio No section: 'notesharingDBMS'
[2025-09-13 16:22:28,328] - INFO - Errore nell'esecuzione del servizio No section: 'notesharingDBMS'
[2025-09-13 16:22:29,125] - INFO - Errore nell'esecuzione del servizio No section: 'notesharingDBMS'
[2025-09-13 16:22:30,382] - INFO - Errore nell'esecuzione del servizio 'NoneType' object has no attribute 'read'
[2025-09-13 16:22:46,127] - INFO - Errore nell'esecuzione del servizio No section: 'notesharingDBMS'
[2025-09-13 16:22:48,344] - INFO - Errore nell'esecuzione del servizio (2013, 'Lost connection to MySQL server during query')
[2025-09-13 16:23:23,719] - INFO - Errore nell'esecuzione del servizio 'NoneType' object has no attribute 'read'
[2025-09-13 16:23:25,996] - INFO - Errore nell'esecuzione del servizio No section: 'notesharingDBMS'
[2025-09-13 16:23:26,971] - INFO - Errore nell'esecuzione del servizio No section: 'notesharingDBMS'
[2025-09-13 16:23:27,783] - INFO - Errore nell'esecuzione del servizio 'NoneType' object has no attribute 'read'
[2025-09-13 16:23:28,711] - INFO - Errore nell'esecuzione del servizio No section: 'notesharingDBMS'
[2025-09-13 16:23:29,471] - INFO - Errore nell'esecuzione del servizio No section: 'notesharingDBMS'
[2025-09-13 16:23:29,990] - INFO - Errore nell'esecuzione del servizio No section: 'notesharingDBMS'
[2025-09-13 16:23:31,006] - INFO - Errore nell'esecuzione del servizio 'NoneType' object has no attribute 'read'
[2025-09-13 16:23:31,902] - INFO - Errore nell'esecuzione del servizio 'list' object has no attribute 'find'
[2025-09-13 16:23:33,729] - INFO - Errore nell'esecuzione del servizio 'NoneType' object has no attribute 'read'
[2025-09-13 16:23:37,562] - INFO - Errore nell'esecuzione del servizio No section: 'notesharingDBMS'
[2025-09-13 16:29:45,030] - INFO - Errore nell'esecuzione del servizio No section: 'notesharingDBMS'
[2025-09-13 16:29:46,455] - INFO - Errore nell'esecuzione del servizio Packet sequence number wrong - got 2 expected 3
[2025-09-13 16:29:47,620] - INFO - Errore nell'esecuzione del servizio No section: 'notesharingDBMS'
[2025-09-13 16:30:43,008] - INFO - Errore nell'esecuzione del servizio 'NoneType' object has no attribute 'settimeout'
[2025-09-13 16:30:43,009] - INFO - Errore nell'esecuzione del servizio Packet sequence number wrong - got 1 expected 1
[2025-09-13 16:32:58,571] - INFO - Errore nell'esecuzione del servizio 'NoneType' object has no attribute 'read'
[2025-09-13 16:33:50,931] - INFO - Errore nell'esecuzione del servizio No section: 'notesharingDBMS'
[2025-09-13 16:33:53,206] - INFO - Errore nell'esecuzione del servizio 'NoneType' object has no attribute 'read'
[2025-09-13 16:33:53,206] - INFO - Errore nell'esecuzione del servizio (2013, 'Lost connection to MySQL server during query')
[2025-09-13 16:34:00,500] - INFO - Errore nell'esecuzione del servizio 'NoneType' object has no attribute 'read'
[2025-09-13 16:34:00,500] - INFO - Errore nell'esecuzione del servizio Packet sequence number wrong - got 102 expected 4
[2025-09-13 16:34:30,836] - INFO - Errore nell'esecuzione del servizio 'NoneType' object has no attribute 'read'
[2025-09-13 16:34:32,803] - INFO - Errore nell'esecuzione del servizio 'list' object has no attribute 'find'
[2025-09-13 16:34:34,558] - INFO - Errore nell'esecuzione del servizio 'NoneType' object has no attribute 'read'
[2025-09-13 16:34:34,559] - INFO - Errore nell'esecuzione del servizio (2013, 'Lost connection to MySQL server during query')
[2025-09-13 16:34:35,879] - INFO - Errore nell'esecuzione del servizio Packet sequence number wrong - got 1 expected 2
[2025-09-13 16:38:52,507] - INFO - Errore nell'esecuzione del servizio 'NoneType' object has no attribute 'read'
[2025-09-13 16:40:47,979] - INFO - Errore nell'esecuzione del servizio No section: 'notesharingDBMS'
[2025-09-13 16:40:50,554] - INFO - Errore nell'esecuzione del servizio No section: 'notesharingDBMS'
[2025-09-13 16:42:02,110] - INFO - Errore nell'esecuzione del servizio 'list' object has no attribute 'find'
[2025-09-13 16:46:36,113] - INFO - Errore nell'esecuzione del servizio 'list' object has no attribute 'find'
[2025-09-13 16:46:38,202] - INFO - Errore nell'esecuzione del servizio 'NoneType' object has no attribute 'read'
[2025-09-13 16:46:38,202] - INFO - Errore nell'esecuzione del servizio (2013, 'Lost connection to MySQL server during query')
[2025-09-13 16:48:29,884] - INFO - Errore nell'esecuzione del servizio 'NoneType' object has no attribute 'read'
[2025-09-13 16:48:29,885] - INFO - Errore nell'esecuzione del servizio (2013, 'Lost connection to MySQL server during query')
[2025-09-13 16:48:36,816] - INFO - Errore nell'esecuzione del servizio 'NoneType' object has no attribute 'settimeout'
[2025-09-13 16:48:36,816] - INFO - Errore nell'esecuzione del servizio Packet sequence number wrong - got 1 expected 1
[2025-09-13 16:48:38,823] - INFO - Errore nell'esecuzione del servizio No section: 'notesharingDBMS'
[2025-09-13 16:58:32,865] - INFO - Errore nell'esecuzione del servizio No section: 'notesharingDBMS'
[2025-09-13 16:58:33,959] - INFO - Errore nell'esecuzione del servizio No section: 'notesharingDBMS'
[2025-09-13 16:58:36,260] - INFO - Errore nell'esecuzione del servizio 'list' object has no attribute 'find'
[2025-09-13 16:58:38,180] - INFO - Errore nell'esecuzione del servizio 'NoneType' object has no attribute 'read'
[2025-09-13 16:58:39,878] - INFO - Errore nell'esecuzione del servizio No section: 'notesharingDBMS'
[2025-09-13 16:58:40,680] - INFO - Errore nell'esecuzione del servizio No section: 'notesharingDBMS'
[2025-09-13 16:59:33,338] - INFO - Errore nell'esecuzione del servizio Packet sequence number wrong - got 55 expected 1
[2025-09-13 16:59:35,674] - INFO - Errore nell'esecuzione del servizio 'list' object has no attribute 'find'
[2025-09-13 16:59:37,354] - INFO - Errore nell'esecuzione del servizio 'NoneType' object has no attribute 'read'
[2025-09-13 16:59:37,355] - INFO - Errore nell'esecuzione del servizio Packet sequence number wrong - got 102 expected 3
[2025-09-13 16:59:39,484] - INFO - Errore nell'esecuzione del servizio (2013, 'Lost connection to MySQL server during query')
[2025-09-13 16:59:41,208] - INFO - Errore nell'esecuzione del servizio 'NoneType' object has no attribute 'settimeout'
[2025-09-13 16:59:42,115] - INFO - Errore nell'esecuzione del servizio No section: 'notesharingDBMS'
[2025-09-13 16:59:43,432] - INFO - Errore nell'esecuzione del servizio Packet sequence number wrong - got 2 expected 1
[2025-09-13 16:59:44,503] - INFO - Errore nell'esecuzione del servizio 'NoneType' object has no attribute 'read'
[2025-09-13 16:59:44,503] - INFO - Errore nell'esecuzione del servizio (2013, 'Lost connection to MySQL server during query')
[2025-09-13 16:59:45,396] - INFO - Errore nell'esecuzione del servizio No section: 'notesharingDBMS'
[2025-09-13 17:02:48,835] - INFO - Errore nell'esecuzione del servizio 'NoneType' object has no attribute 'read'
[2025-09-13 17:02:48,835] - INFO - Errore nell'esecuzione del servizio (2013, 'Lost connection to MySQL server during query')
[2025-09-13 17:02:51,820] - INFO - Errore nell'esecuzione del servizio No section: 'notesharingDBMS'
[2025-09-13 17:02:52,738] - INFO - Errore nell'esecuzione del servizio Packet sequence number wrong - got 55 expected 1
[2025-09-13 17:02:53,861] - INFO - Errore nell'esecuzione del servizio No section: 'notesharingDBMS'
[2025-09-13 17:02:54,703] - INFO - Errore nell'esecuzione del servizio No section: 'notesharingDBMS'
[2025-09-13 17:04:37,999] - INFO - Errore nell'esecuzione del servizio Packet sequence number wrong - got 1 expected 2
[2025-09-13 17:04:37,999] - INFO - Errore nell'esecuzione del servizio 'NoneType' object has no attribute 'settimeout'
[2025-09-13 17:04:40,571] - INFO - Errore nell'esecuzione del servizio No section: 'notesharingDBMS'
[2025-09-13 17:04:42,329] - INFO - Errore nell'esecuzione del servizio 'list' object has no attribute 'find'
[2025-09-13 17:04:43,863] - INFO - Errore nell'esecuzione del servizio No section: 'notesharingDBMS'
[2025-09-13 17:04:45,005] - INFO - Errore nell'esecuzione del servizio No section: 'notesharingDBMS'
[2025-09-13 17:05:52,830] - INFO - Errore nell'esecuzione del servizio 'list' object has no attribute 'find'
[2025-09-13 17:05:54,449] - INFO - Errore nell'esecuzione del servizio No section: 'notesharingDBMS'
[2025-09-13 17:06:50,663] - INFO - Errore nell'esecuzione del servizio 'list' object has no attribute 'find'
[2025-09-13 17:07:32,733] - INFO - Errore nell'esecuzione del servizio 'NoneType' object has no attribute 'read'
[2025-09-13 17:10:15,268] - INFO - Errore nell'esecuzione del servizio 'NoneType' object has no attribute 'read'
[2025-09-13 17:10:15,268] - INFO - Errore nell'esecuzione del servizio Packet sequence number wrong - got 102 expected 4
[2025-09-13 17:27:37,638] - INFO - Errore nell'esecuzione del servizio No section: 'notesharingDBMS'
[2025-09-13 17:28:39,683] - INFO - Errore nell'esecuzione del servizio No section: 'notesharingDBMS'
[2025-09-13 17:29:06,510] - INFO - Errore nell'esecuzione del servizio 'NoneType' object has no attribute 'read'
[2025-09-13 17:29:06,510] - INFO - Errore nell'esecuzione del servizio (2013, 'Lost connection to MySQL server during query')
[2025-09-13 17:30:38,647] - INFO - Errore nell'esecuzione del servizio 'NoneType' object has no attribute 'read'
[2025-09-13 17:30:38,648] - INFO - Errore nell'esecuzione del servizio Packet sequence number wrong - got 32 expected 2
[2025-09-13 17:40:37,714] - INFO - Errore nell'esecuzione del servizio Packet sequence number wrong - got 2 expected 0
[2025-09-13 17:40:37,716] - INFO - Errore nell'esecuzione del servizio 'NoneType' object has no attribute 'settimeout'
[2025-09-13 17:41:17,576] - INFO - Errore nell'esecuzione del servizio No section: 'notesharingDBMS'
[2025-09-13 17:41:20,399] - INFO - Errore nell'esecuzione del servizio No section: 'notesharingDBMS'
[2025-09-13 17:42:15,043] - INFO - Errore nell'esecuzione del servizio 'list' object has no attribute 'find'
[2025-09-13 17:42:46,679] - INFO - Errore nell'esecuzione del servizio 'NoneType' object has no attribute 'read'
[2025-09-13 17:43:58,275] - INFO - Errore nell'esecuzione del servizio No section: 'notesharingDBMS'
[2025-09-13 17:45:47,439] - INFO - Errore nell'esecuzione del servizio Packet sequence number wrong - got 2 expected 1
[2025-09-13 17:46:12,315] - INFO - Errore nell'esecuzione del servizio No section: 'notesharingDBMS'
[2025-09-13 17:49:18,199] - INFO - Errore nell'esecuzione del servizio 'list' object has no attribute 'find'
[2025-09-13 17:50:58,290] - INFO - Errore nell'esecuzione del servizio 'NoneType' object has no attribute 'settimeout'
[2025-09-13 18:05:32,722] - INFO - Errore nell'esecuzione del servizio Already closed
[2025-09-13 18:05:34,750] - INFO - Errore nell'esecuzione del servizio No section: 'notesharingDBMS'
[2025-09-13 18:05:34,752] - INFO - Errore nell'esecuzione del servizio Already closed
[2025-09-13 18:05:35,455] - INFO - Errore nell'esecuzione del servizio Already closed
[2025-09-13 18:05:35,463] - INFO - Errore nell'esecuzione del servizio Already closed
[2025-09-13 18:05:36,118] - INFO - Errore nell'esecuzione del servizio Already closed
[2025-09-13 18:05:36,131] - INFO - Errore nell'esecuzione del servizio Already closed
[2025-09-13 18:05:36,714] - INFO - Errore nell'esecuzione del servizio No section: 'notesharingDBMS'
[2025-09-13 18:05:36,717] - INFO - Errore nell'esecuzione del servizio Already closed
[2025-09-13 18:08:07,698] - INFO - Errore nell'esecuzione del servizio 'NoneType' object has no attribute 'read'
[2025-09-13 18:08:07,699] - INFO - Errore nell'esecuzione del servizio (2013, 'Lost connection to MySQL server during query')
[2025-09-13 18:10:28,290] - INFO - Errore nell'esecuzione del servizio 'NoneType' object has no attribute 'read'
[2025-09-13 18:10:28,290] - INFO - Errore nell'esecuzione del servizio Packet sequence number wrong - got 32 expected 2
[2025-09-13 18:40:05,910] - INFO - Errore nell'esecuzione del servizio 'NoneType' object has no attribute 'read'
[2025-09-13 18:47:09,436] - INFO - Errore nell'esecuzione del servizio 'NoneType' object has no attribute 'read'
[2025-09-13 18:48:21,243] - INFO - Errore nell'esecuzione del servizio Packet sequence number wrong - got 1 expected 0
[2025-09-13 18:48:21,245] - INFO - Errore nell'esecuzione del servizio 'NoneType' object has no attribute 'settimeout'
[2025-09-13 18:48:23,048] - INFO - Errore nell'esecuzione del servizio No section: 'notesharingDBMS'
[2025-09-13 18:48:23,052] - INFO - Errore nell'esecuzione del servizio 'NoneType' object has no attribute 'settimeout'
[2025-09-13 18:48:23,055] - INFO - Errore nell'esecuzione del servizio Packet sequence number wrong - got 1 expected 1
[2025-09-13 18:48:49,173] - INFO - Errore nell'esecuzione del servizio index out of range
[2025-09-13 18:48:49,192] - INFO - Errore nell'esecuzione del servizio Already closed
[2025-09-13 18:51:33,273] - INFO - Errore nell'esecuzione del servizio No section: 'notesharingDBMS'
[2025-09-13 18:51:33,275] - INFO - Errore nell'esecuzione del servizio No section: 'notesharingDBMS'
[2025-09-13 18:51:55,273] - INFO - Errore nell'esecuzione del servizio No section: 'notesharingDBMS'
[2025-09-13 18:51:55,291] - INFO - Errore nell'esecuzione del servizio Packet sequence number wrong - got 6 expected 1
[2025-09-13 18:56:05,482] - INFO - Errore nell'esecuzione del servizio 'NoneType' object has no attribute 'read'
[2025-09-13 18:56:10,846] - INFO - Errore nell'esecuzione del servizio No section: 'notesharingDBMS'
[2025-09-13 18:56:17,714] - INFO - Errore nell'esecuzione del servizio No section: 'notesharingDBMS'
[2025-09-13 18:56:37,071] - INFO - Errore nell'esecuzione del servizio No section: 'notesharingDBMS'
[2025-09-13 18:56:39,585] - INFO - Errore nell'esecuzione del servizio 'NoneType' object has no attribute 'settimeout'
[2025-09-13 18:56:40,856] - INFO - Errore nell'esecuzione del servizio 'NoneType' object has no attribute 'read'
[2025-09-13 18:56:47,297] - INFO - Errore nell'esecuzione del servizio 'NoneType' object has no attribute 'settimeout'
[2025-09-13 19:09:51,434] - INFO - Errore nell'esecuzione del servizio 'NoneType' object has no attribute 'read'
[2025-09-13 19:09:51,435] - INFO - Errore nell'esecuzione del servizio (2013, 'Lost connection to MySQL server during query')
[2025-09-13 19:10:22,583] - INFO - Errore nell'esecuzione del servizio No section: 'notesharingDBMS'
[2025-09-13 19:10:22,585] - INFO - Errore nell'esecuzione del servizio 'list' object has no attribute 'find'
[2025-09-13 19:10:26,160] - INFO - Errore nell'esecuzione del servizio No section: 'notesharingDBMS'
[2025-09-13 19:10:26,163] - INFO - Errore nell'esecuzione del servizio No section: 'notesharingDBMS'
[2025-09-13 19:10:27,710] - INFO - Errore nell'esecuzione del servizio No section: 'notesharingDBMS'
[2025-09-13 19:10:27,711] - INFO - Errore nell'esecuzione del servizio No section: 'notesharingDBMS'
[2025-09-13 19:10:28,826] - INFO - Errore nell'esecuzione del servizio Packet sequence number wrong - got 1 expected 2
[2025-09-13 19:12:14,437] - INFO - Errore nell'esecuzione del servizio No section: 'notesharingDBMS'
[2025-09-13 19:12:14,448] - INFO - Errore nell'esecuzione del servizio No section: 'notesharingDBMS'
[2025-09-13 19:12:15,614] - INFO - Errore nell'esecuzione del servizio No section: 'notesharingDBMS'
[2025-09-13 19:12:19,250] - INFO - Errore nell'esecuzione del servizio No section: 'notesharingDBMS'
[2025-09-13 19:12:19,254] - INFO - Errore nell'esecuzione del servizio Packet sequence number wrong - got 1 expected 0
[2025-09-13 19:12:19,255] - INFO - Errore nell'esecuzione del servizio 'NoneType' object has no attribute 'settimeout'
[2025-09-13 19:12:24,930] - INFO - Errore nell'esecuzione del servizio 'NoneType' object has no attribute 'read'
[2025-09-13 19:12:24,931] - INFO - Errore nell'esecuzione del servizio (2013, 'Lost connection to MySQL server during query')
[2025-09-13 19:12:28,614] - INFO - Errore nell'esecuzione del servizio 'NoneType' object has no attribute 'settimeout'
[2025-09-13 19:13:58,362] - INFO - Errore nell'esecuzione del servizio 'list' object has no attribute 'find'
[2025-09-13 19:14:28,520] - INFO - Errore nell'esecuzione del servizio 'NoneType' object has no attribute 'settimeout'
[2025-09-13 19:14:28,522] - INFO - Errore nell'esecuzione del servizio No section: 'notesharingDBMS'
[2025-09-13 19:14:33,613] - INFO - Errore nell'esecuzione del servizio No section: 'notesharingDBMS'
[2025-09-13 19:22:59,924] - INFO - Errore nell'esecuzione del servizio No section: 'notesharingDBMS'
[2025-09-13 19:23:43,216] - INFO - Errore nell'esecuzione del servizio No section: 'notesharingDBMS'
[2025-09-13 19:23:49,505] - INFO - Errore nell'esecuzione del servizio 'list' object has no attribute 'find'
[2025-09-13 19:25:57,787] - INFO - Errore nell'esecuzione del servizio No section: 'notesharingDBMS'
[2025-09-13 19:26:02,096] - INFO - Errore nell'esecuzione del servizio Packet sequence number wrong - got 2 expected 3
[2025-09-13 19:26:02,096] - INFO - Errore nell'esecuzione del servizio (0, '')
[2025-09-13 19:26:05,381] - INFO - Errore nell'esecuzione del servizio No section: 'notesharingDBMS'
[2025-09-13 19:45:46,836] - INFO - Errore nell'esecuzione del servizio Packet sequence number wrong - got 55 expected 1
[2025-09-13 19:46:36,767] - INFO - Errore nell'esecuzione del servizio No section: 'notesharingDBMS'
[2025-09-13 19:48:07,695] - INFO - Errore nell'esecuzione del servizio 'list' object has no attribute 'find'
[2025-09-13 19:49:45,805] - INFO - Errore nell'esecuzione del servizio 'NoneType' object has no attribute 'settimeout'
[2025-09-13 19:56:29,261] - INFO - Errore nell'esecuzione del servizio 'NoneType' object has no attribute 'read'
[2025-09-13 19:57:19,193] - INFO - Errore nell'esecuzione del servizio No section: 'notesharingDBMS'
[2025-09-13 19:59:13,464] - INFO - Errore nell'esecuzione del servizio No section: 'notesharingDBMS'
[2025-09-13 19:59:15,157] - INFO - Errore nell'esecuzione del servizio Packet sequence number wrong - got 6 expected 1
[2025-09-13 19:59:15,895] - INFO - Errore nell'esecuzione del servizio 'NoneType' object has no attribute 'settimeout'
[2025-09-13 19:59:17,215] - INFO - Errore nell'esecuzione del servizio 'NoneType' object has no attribute 'settimeout'
[2025-09-13 19:59:17,215] - INFO - Errore nell'esecuzione del servizio Packet sequence number wrong - got 2 expected 1
[2025-09-13 19:59:18,195] - INFO - Errore nell'esecuzione del servizio No section: 'notesharingDBMS'
[2025-09-13 19:59:19,030] - INFO - Errore nell'esecuzione del servizio No section: 'notesharingDBMS'
[2025-09-13 19:59:19,816] - INFO - Errore nell'esecuzione del servizio 'NoneType' object has no attribute 'read'
[2025-09-13 19:59:46,519] - INFO - Errore nell'esecuzione del servizio No section: 'notesharingDBMS'
[2025-09-13 19:59:48,816] - INFO - Errore nell'esecuzione del servizio 'NoneType' object has no attribute 'read'
[2025-09-13 19:59:48,816] - INFO - Errore nell'esecuzione del servizio Packet sequence number wrong - got 102 expected 6
[2025-09-13 19:59:50,399] - INFO - Errore nell'esecuzione del servizio No section: 'notesharingDBMS'
[2025-09-13 20:00:03,244] - INFO - Errore nell'esecuzione del servizio Packet sequence number wrong - got 2 expected 1
[2025-09-13 20:01:08,745] - INFO - Errore nell'esecuzione del servizio No section: 'notesharingDBMS'
[2025-09-13 20:01:32,230] - INFO - Errore nell'esecuzione del servizio No section: 'notesharingDBMS'
[2025-09-13 20:02:26,642] - INFO - Errore nell'esecuzione del servizio index out of range
[2025-09-13 20:05:33,957] - INFO - Errore nell'esecuzione del servizio 'NoneType' object has no attribute 'read'
[2025-09-14 07:53:02,504] - INFO - Errore nell'esecuzione del servizio No section: 'notesharingDBMS'
[2025-09-14 07:53:04,167] - INFO - Errore nell'esecuzione del servizio No section: 'notesharingDBMS'
[2025-09-14 07:53:05,869] - INFO - Errore nell'esecuzione del servizio No section: 'notesharingDBMS'
[2025-09-14 07:53:56,416] - INFO - Errore nell'esecuzione del servizio No section: 'notesharingDBMS'
[2025-09-14 07:54:56,025] - INFO - Errore nell'esecuzione del servizio 'NoneType' object has no attribute 'read'
[2025-09-14 07:55:28,910] - INFO - Errore nell'esecuzione del servizio No section: 'notesharingDBMS'
[2025-09-14 08:05:47,161] - INFO - Errore nell'esecuzione del servizio 'NoneType' object has no attribute 'settimeout'
[2025-09-14 08:06:21,655] - INFO - Errore nell'esecuzione del servizio No section: 'notesharingDBMS'
[2025-09-14 08:10:41,291] - INFO - Errore nell'esecuzione del servizio No section: 'notesharingDBMS'
[2025-09-14 08:13:29,078] - INFO - Errore nell'esecuzione del servizio No section: 'notesharingDBMS'
[2025-09-14 08:14:26,336] - INFO - Errore nell'esecuzione del servizio No section: 'notesharingDBMS'
[2025-09-14 08:14:39,482] - INFO - Errore nell'esecuzione del servizio 'list' object has no attribute 'find'
[2025-09-14 08:20:23,478] - INFO - Errore nell'esecuzione del servizio Packet sequence number wrong - got 2 expected 1
[2025-09-14 08:20:47,411] - INFO - Errore nell'esecuzione del servizio Packet sequence number wrong - got 55 expected 1
[2025-09-14 08:21:14,673] - INFO - Errore nell'esecuzione del servizio index out of range
[2025-09-14 08:24:33,563] - INFO - Errore nell'esecuzione del servizio Packet sequence number wrong - got 2 expected 1
[2025-09-14 08:24:33,564] - INFO - Errore nell'esecuzione del servizio Packet sequence number wrong - got 2 expected 1
[2025-09-14 08:27:57,199] - INFO - Errore nell'esecuzione del servizio Already closed
[2025-09-14 08:28:08,535] - INFO - Errore nell'esecuzione del servizio No section: 'notesharingDBMS'
[2025-09-14 08:28:08,538] - INFO - Errore nell'esecuzione del servizio Already closed
[2025-09-14 08:28:19,444] - INFO - Errore nell'esecuzione del servizio Already closed
[2025-09-14 08:28:20,987] - INFO - Errore nell'esecuzione del servizio Already closed
[2025-09-14 08:28:29,144] - INFO - Errore nell'esecuzione del servizio No section: 'notesharingDBMS'
[2025-09-14 08:28:29,147] - INFO - Errore nell'esecuzione del servizio Already closed
[2025-09-14 08:28:29,929] - INFO - Errore nell'esecuzione del servizio Already closed
[2025-09-14 08:28:29,934] - INFO - Errore nell'esecuzione del servizio Already closed
[2025-09-14 08:28:30,263] - INFO - Errore nell'esecuzione del servizio Already closed
[2025-09-14 08:28:30,267] - INFO - Errore nell'esecuzione del servizio Already closed
[2025-09-14 08:28:30,646] - INFO - Errore nell'esecuzione del servizio Already closed
[2025-09-14 08:28:30,654] - INFO - Errore nell'esecuzione del servizio Already closed
[2025-09-14 08:28:31,253] - INFO - Errore nell'esecuzione del servizio Already closed
[2025-09-14 08:28:31,873] - INFO - Errore nell'esecuzione del servizio Already closed
[2025-09-14 08:28:32,058] - INFO - Errore nell'esecuzione del servizio Already closed
[2025-09-14 08:28:32,234] - INFO - Errore nell'esecuzione del servizio Already closed
[2025-09-14 08:28:32,410] - INFO - Errore nell'esecuzione del servizio Already closed
[2025-09-14 08:28:32,553] - INFO - Errore nell'esecuzione del servizio Already closed
[2025-09-14 08:28:40,398] - INFO - Errore nell'esecuzione del servizio No section: 'notesharingDBMS'
[2025-09-14 08:28:57,525] - INFO - Errore nell'esecuzione del servizio No section: 'notesharingDBMS'
[2025-09-14 08:31:32,087] - INFO - Errore nell'esecuzione del servizio Already closed
[2025-09-14 08:31:35,702] - INFO - Errore nell'esecuzione del servizio Already closed
[2025-09-14 08:31:35,708] - INFO - Errore nell'esecuzione del servizio Already closed
[2025-09-14 08:31:36,498] - INFO - Errore nell'esecuzione del servizio Already closed
[2025-09-14 08:31:36,507] - INFO - Errore nell'esecuzione del servizio Already closed
[2025-09-14 08:32:01,514] - INFO - Errore nell'esecuzione del servizio Already closed
[2025-09-14 08:32:01,520] - INFO - Errore nell'esecuzione del servizio Already closed
[2025-09-14 08:32:02,354] - INFO - Errore nell'esecuzione del servizio No section: 'notesharingDBMS'
[2025-09-14 08:32:02,356] - INFO - Errore nell'esecuzione del servizio Already closed
[2025-09-14 08:32:09,472] - INFO - Errore nell'esecuzione del servizio No section: 'notesharingDBMS'
[2025-09-14 08:33:54,520] - INFO - Errore nell'esecuzione del servizio No section: 'notesharingDBMS'
[2025-09-14 08:35:16,875] - INFO - Errore nell'esecuzione del servizio No section: 'notesharingDBMS'
[2025-09-14 08:36:39,627] - INFO - Errore nell'esecuzione del servizio 'NoneType' object has no attribute 'read'
[2025-09-14 08:36:53,376] - INFO - Errore nell'esecuzione del servizio 'list' object has no attribute 'find'
[2025-09-14 08:36:56,787] - INFO - Errore nell'esecuzione del servizio Packet sequence number wrong - got 55 expected 1
[2025-09-14 08:37:03,242] - INFO - Errore nell'esecuzione del servizio No section: 'notesharingDBMS'
[2025-09-14 09:39:56,135] - INFO - Errore nell'esecuzione del servizio 'list' object has no attribute 'find'
[2025-09-14 09:40:06,899] - INFO - Errore nell'esecuzione del servizio No section: 'notesharingDBMS'
[2025-09-14 09:40:11,985] - INFO - Errore nell'esecuzione del servizio 'NoneType' object has no attribute 'read'
[2025-09-14 09:40:28,141] - INFO - Errore nell'esecuzione del servizio No section: 'notesharingDBMS'
[2025-09-14 09:42:18,468] - INFO - Errore nell'esecuzione del servizio 'list' object has no attribute 'find'
[2025-09-14 09:42:56,809] - INFO - Errore nell'esecuzione del servizio 'NoneType' object has no attribute 'read'
[2025-09-14 09:43:36,833] - INFO - Errore nell'esecuzione del servizio No section: 'notesharingDBMS'
[2025-09-14 09:44:36,363] - INFO - Errore nell'esecuzione del servizio 'NoneType' object has no attribute 'read'
[2025-09-14 09:44:58,524] - INFO - Errore nell'esecuzione del servizio index out of range
[2025-09-14 09:47:31,040] - INFO - Errore nell'esecuzione del servizio 'NoneType' object has no attribute 'read'
[2025-09-14 09:48:48,178] - INFO - Errore nell'esecuzione del servizio 'NoneType' object has no attribute 'read'
[2025-09-14 09:49:07,278] - INFO - Errore nell'esecuzione del servizio 'list' object has no attribute 'find'
[2025-09-14 09:49:08,796] - INFO - Errore nell'esecuzione del servizio No section: 'notesharingDBMS'
[2025-09-14 09:49:10,419] - INFO - Errore nell'esecuzione del servizio No section: 'notesharingDBMS'
[2025-09-14 09:49:11,009] - INFO - Errore nell'esecuzione del servizio 'NoneType' object has no attribute 'settimeout'
[2025-09-14 09:49:11,010] - INFO - Errore nell'esecuzione del servizio Packet sequence number wrong - got 1 expected 1
[2025-09-14 09:49:11,504] - INFO - Errore nell'esecuzione del servizio Packet sequence number wrong - got 2 expected 3
[2025-09-14 09:49:11,504] - INFO - Errore nell'esecuzione del servizio 'NoneType' object has no attribute 'read'
[2025-09-14 09:52:59,231] - INFO - Errore nell'esecuzione del servizio 'NoneType' object has no attribute 'settimeout'
[2025-09-14 09:53:20,342] - INFO - Errore nell'esecuzione del servizio No section: 'notesharingDBMS'
[2025-09-14 09:53:34,392] - INFO - Errore nell'esecuzione del servizio No section: 'notesharingDBMS'
[2025-09-14 09:54:19,675] - INFO - Errore nell'esecuzione del servizio 'NoneType' object has no attribute 'read'
[2025-09-14 09:54:22,557] - INFO - Errore nell'esecuzione del servizio No section: 'notesharingDBMS'
[2025-09-14 09:54:23,415] - INFO - Errore nell'esecuzione del servizio No section: 'notesharingDBMS'
[2025-09-14 09:54:50,530] - INFO - Errore nell'esecuzione del servizio 'NoneType' object has no attribute 'settimeout'
[2025-09-14 09:54:50,530] - INFO - Errore nell'esecuzione del servizio Packet sequence number wrong - got 1 expected 1
[2025-09-14 09:55:56,760] - INFO - Errore nell'esecuzione del servizio No section: 'notesharingDBMS'
[2025-09-14 09:57:03,160] - INFO - Errore nell'esecuzione del servizio 'NoneType' object has no attribute 'read'
[2025-09-14 10:13:16,114] - INFO - Errore nell'esecuzione del servizio No section: 'notesharingDBMS'
[2025-09-14 10:13:55,160] - INFO - Errore nell'esecuzione del servizio 'list' object has no attribute 'find'
[2025-09-14 10:14:16,180] - INFO - Errore nell'esecuzione del servizio 'NoneType' object has no attribute 'read'
[2025-09-14 10:15:15,037] - INFO - Errore nell'esecuzione del servizio 'NoneType' object has no attribute 'settimeout'
[2025-09-14 10:15:37,658] - INFO - Errore nell'esecuzione del servizio 'NoneType' object has no attribute 'read'
[2025-09-14 10:15:37,658] - INFO - Errore nell'esecuzione del servizio Packet sequence number wrong - got 102 expected 4
[2025-09-14 10:15:54,927] - INFO - Errore nell'esecuzione del servizio Already closed
[2025-09-14 10:17:37,085] - INFO - Errore nell'esecuzione del servizio No section: 'notesharingDBMS'
[2025-09-14 10:19:06,491] - INFO - Errore nell'esecuzione del servizio 'NoneType' object has no attribute 'read'
[2025-09-14 10:19:29,285] - INFO - Errore nell'esecuzione del servizio Packet sequence number wrong - got 102 expected 5
[2025-09-14 10:19:29,285] - INFO - Errore nell'esecuzione del servizio 'NoneType' object has no attribute 'read'
[2025-09-14 10:21:00,867] - INFO - Errore nell'esecuzione del servizio No section: 'notesharingDBMS'
[2025-09-14 10:21:38,829] - INFO - Errore nell'esecuzione del servizio No section: 'notesharingDBMS'
[2025-09-14 10:21:45,339] - INFO - Errore nell'esecuzione del servizio No section: 'notesharingDBMS'
[2025-09-14 10:21:56,411] - INFO - Errore nell'esecuzione del servizio No section: 'notesharingDBMS'
[2025-09-14 10:22:30,966] - INFO - Errore nell'esecuzione del servizio Packet sequence number wrong - got 55 expected 1
[2025-09-14 10:22:37,081] - INFO - Errore nell'esecuzione del servizio Already closed
[2025-09-14 10:24:57,041] - INFO - Errore nell'esecuzione del servizio Already closed
[2025-09-14 10:24:57,047] - INFO - Errore nell'esecuzione del servizio Already closed
[2025-09-14 10:24:59,847] - INFO - Errore nell'esecuzione del servizio index out of range
[2025-09-14 10:24:59,848] - INFO - Errore nell'esecuzione del servizio (2013, 'Lost connection to MySQL server during query')
[2025-09-14 10:25:21,668] - INFO - Errore nell'esecuzione del servizio No section: 'notesharingDBMS'
[2025-09-14 10:25:55,611] - INFO - Errore nell'esecuzione del servizio No section: 'notesharingDBMS'
[2025-09-14 10:26:11,647] - INFO - Errore nell'esecuzione del servizio No section: 'notesharingDBMS'
[2025-09-14 10:28:19,684] - INFO - Errore nell'esecuzione del servizio No section: 'notesharingDBMS'
[2025-09-14 10:28:59,632] - INFO - Errore nell'esecuzione del servizio No section: 'notesharingDBMS'
[2025-09-14 10:28:59,632] - INFO - Errore nell'esecuzione del servizio No section: 'notesharingDBMS'
[2025-09-14 10:29:09,453] - INFO - Errore nell'esecuzione del servizio No section: 'notesharingDBMS'
[2025-09-14 10:29:09,453] - INFO - Errore nell'esecuzione del servizio No section: 'notesharingDBMS'
[2025-09-14 10:29:37,168] - INFO - Errore nell'esecuzione del servizio No section: 'notesharingDBMS'
[2025-09-14 10:29:37,168] - INFO - Errore nell'esecuzione del servizio No section: 'notesharingDBMS'
[2025-09-14 10:30:59,972] - INFO - Errore nell'esecuzione del servizio No section: 'notesharingDBMS'
[2025-09-14 10:30:59,972] - INFO - Errore nell'esecuzione del servizio No section: 'notesharingDBMS'
[2025-09-14 10:32:02,911] - INFO - Errore nell'esecuzione del servizio No section: 'notesharingDBMS'
[2025-09-14 10:32:02,911] - INFO - Errore nell'esecuzione del servizio No section: 'notesharingDBMS'
[2025-09-14 10:32:15,898] - INFO - Errore nell'esecuzione del servizio No section: 'notesharingDBMS'
[2025-09-14 10:32:15,898] - INFO - Errore nell'esecuzione del servizio No section: 'notesharingDBMS'
[2025-09-14 10:33:27,137] - INFO - Errore nell'esecuzione del servizio No section: 'notesharingDBMS'
[2025-09-14 10:33:27,137] - INFO - Errore nell'esecuzione del servizio No section: 'notesharingDBMS'
[2025-09-14 10:35:48,732] - INFO - Errore nell'esecuzione del servizio No section: 'notesharingDBMS'
[2025-09-14 10:36:00,800] - INFO - Errore nell'esecuzione del servizio Packet sequence number wrong - got 2 expected 1
[2025-09-14 10:38:23,443] - INFO - Errore nell'esecuzione del servizio No section: 'notesharingDBMS'
[2025-09-14 10:38:23,444] - INFO - Errore nell'esecuzione del servizio 'NoneType' object has no attribute 'ping'
[2025-09-14 10:38:44,433] - INFO - Errore nell'esecuzione del servizio 'NoneType' object has no attribute 'ping'
[2025-09-14 10:40:34,613] - INFO - Errore nell'esecuzione del servizio No section: 'notesharingDBMS'
[2025-09-14 10:40:34,613] - INFO - Errore nell'esecuzione del servizio No section: 'notesharingDBMS'
[2025-09-14 10:40:54,071] - INFO - Errore nell'esecuzione del servizio 'list' object has no attribute 'find'
[2025-09-14 10:41:25,068] - INFO - Errore nell'esecuzione del servizio 'list' object has no attribute 'find'
[2025-09-14 10:42:25,714] - INFO - Errore nell'esecuzione del servizio 'NoneType' object has no attribute 'read'
[2025-09-14 10:42:30,185] - INFO - Errore nell'esecuzione del servizio No section: 'notesharingDBMS'
[2025-09-14 10:55:13,665] - INFO - Errore nell'esecuzione del servizio No section: 'notesharingDBMS'
[2025-09-14 10:55:41,418] - INFO - Errore nell'esecuzione del servizio No section: 'notesharingDBMS'
[2025-09-14 10:56:23,566] - INFO - Errore nell'esecuzione del servizio No section: 'notesharingDBMS'
[2025-09-14 10:56:32,903] - INFO - Errore nell'esecuzione del servizio No section: 'notesharingDBMS'
[2025-09-14 10:56:32,903] - INFO - Errore nell'esecuzione del servizio No section: 'notesharingDBMS'
[2025-09-14 10:57:19,727] - INFO - Errore nell'esecuzione del servizio No section: 'notesharingDBMS'
[2025-09-14 10:57:19,727] - INFO - Errore nell'esecuzione del servizio No section: 'notesharingDBMS'
[2025-09-14 10:59:51,107] - INFO - Errore nell'esecuzione del servizio No section: 'notesharingDBMS'
[2025-09-14 11:00:28,499] - INFO - Errore nell'esecuzione del servizio No section: 'notesharingDBMS'
[2025-09-14 11:00:50,208] - INFO - Errore nell'esecuzione del servizio No section: 'notesharingDBMS'
[2025-09-14 11:01:39,603] - INFO - Errore nell'esecuzione del servizio 'list' object has no attribute 'find'
[2025-09-14 11:02:24,425] - INFO - Errore nell'esecuzione del servizio No section: 'notesharingDBMS'
[2025-09-14 11:03:21,057] - INFO - Errore nell'esecuzione del servizio 'NoneType' object has no attribute 'ping'
[2025-09-14 11:03:58,489] - INFO - Errore nell'esecuzione del servizio No section: 'notesharingDBMS'
[2025-09-14 11:04:36,889] - INFO - Errore nell'esecuzione del servizio No section: 'notesharingDBMS'
[2025-09-14 11:05:14,705] - INFO - Errore nell'esecuzione del servizio No section: 'notesharingDBMS'
[2025-09-14 11:05:14,706] - INFO - Errore nell'esecuzione del servizio 'NoneType' object has no attribute 'ping'
[2025-09-14 11:05:20,703] - INFO - Errore nell'esecuzione del servizio 'NoneType' object has no attribute 'ping'
[2025-09-14 11:05:20,706] - INFO - Errore nell'esecuzione del servizio 'NoneType' object has no attribute 'ping'
[2025-09-14 11:06:38,891] - INFO - Errore nell'esecuzione del servizio No section: 'notesharingDBMS'
[2025-09-14 11:06:43,684] - INFO - Errore nell'esecuzione del servizio 'list' object has no attribute 'find'
[2025-09-14 11:06:46,621] - INFO - Errore nell'esecuzione del servizio No section: 'notesharingDBMS'
[2025-09-14 11:06:52,085] - INFO - Errore nell'esecuzione del servizio No section: 'notesharingDBMS'
[2025-09-14 11:07:02,988] - INFO - Errore nell'esecuzione del servizio No section: 'notesharingDBMS'
[2025-09-14 11:07:23,668] - INFO - Errore nell'esecuzione del servizio No section: 'notesharingDBMS'
[2025-09-14 11:07:23,668] - INFO - Errore nell'esecuzione del servizio No section: 'notesharingDBMS'
[2025-09-14 11:08:23,041] - INFO - Errore nell'esecuzione del servizio No section: 'notesharingDBMS'
[2025-09-14 11:09:21,193] - INFO - Errore nell'esecuzione del servizio No section: 'notesharingDBMS'
[2025-09-14 11:09:57,043] - INFO - Errore nell'esecuzione del servizio No section: 'notesharingDBMS'
[2025-09-14 11:09:57,043] - INFO - Errore nell'esecuzione del servizio No section: 'notesharingDBMS'
[2025-09-14 11:09:57,043] - INFO - Errore nell'esecuzione del servizio 'NoneType' object has no attribute 'ping'
[2025-09-14 11:09:57,043] - INFO - Errore nell'esecuzione del servizio 'NoneType' object has no attribute 'ping'
[2025-09-14 11:10:05,102] - INFO - Errore nell'esecuzione del servizio No section: 'notesharingDBMS'
[2025-09-14 11:10:05,102] - INFO - Errore nell'esecuzione del servizio No section: 'notesharingDBMS'
[2025-09-14 11:10:05,103] - INFO - Errore nell'esecuzione del servizio 'NoneType' object has no attribute 'ping'
[2025-09-14 11:10:05,103] - INFO - Errore nell'esecuzione del servizio 'NoneType' object has no attribute 'ping'
[2025-09-14 11:10:53,768] - INFO - Errore nell'esecuzione del servizio No section: 'notesharingDBMS'
[2025-09-14 11:11:59,358] - INFO - Errore nell'esecuzione del servizio 'NoneType' object has no attribute 'read'
[2025-09-14 11:14:15,466] - INFO - Errore nell'esecuzione del servizio No section: 'notesharingDBMS'
[2025-09-14 11:14:15,467] - INFO - Errore nell'esecuzione del servizio 'NoneType' object has no attribute 'ping'
[2025-09-14 11:15:13,243] - INFO - Errore nell'esecuzione del servizio 'NoneType' object has no attribute 'ping'
[2025-09-14 11:15:19,478] - INFO - Errore nell'esecuzione del servizio 'NoneType' object has no attribute 'ping'
[2025-09-14 11:15:32,143] - INFO - Errore nell'esecuzione del servizio 'NoneType' object has no attribute 'ping'
[2025-09-14 11:15:32,145] - INFO - Errore nell'esecuzione del servizio 'NoneType' object has no attribute 'ping'
[2025-09-14 11:16:39,609] - INFO - Errore nell'esecuzione del servizio No section: 'notesharingDBMS'
[2025-09-14 11:16:39,614] - INFO - Errore nell'esecuzione del servizio 'NoneType' object has no attribute 'ping'
[2025-09-14 11:18:12,355] - INFO - Errore nell'esecuzione del servizio 'NoneType' object has no attribute 'ping'
[2025-09-14 11:18:12,360] - INFO - Errore nell'esecuzione del servizio 'NoneType' object has no attribute 'ping'
[2025-09-14 11:18:14,701] - INFO - Errore nell'esecuzione del servizio No section: 'notesharingDBMS'
[2025-09-14 11:18:14,703] - INFO - Errore nell'esecuzione del servizio 'NoneType' object has no attribute 'ping'
[2025-09-14 11:18:24,024] - INFO - Errore nell'esecuzione del servizio 'NoneType' object has no attribute 'ping'
[2025-09-14 11:18:24,026] - INFO - Errore nell'esecuzione del servizio 'NoneType' object has no attribute 'ping'
[2025-09-14 11:19:23,941] - INFO - Errore nell'esecuzione del servizio 'NoneType' object has no attribute 'ping'
[2025-09-14 11:19:23,948] - INFO - Errore nell'esecuzione del servizio 'NoneType' object has no attribute 'ping'
[2025-09-14 11:19:57,496] - INFO - Errore nell'esecuzione del servizio 'NoneType' object has no attribute 'settimeout'
[2025-09-14 11:20:09,695] - INFO - Errore nell'esecuzione del servizio No section: 'notesharingDBMS'
[2025-09-14 15:43:24,148] - INFO - Errore nell'esecuzione del servizio No section: 'notesharingDBMS'
[2025-09-14 15:43:24,149] - INFO - Errore nell'esecuzione del servizio No section: 'notesharingDBMS'
[2025-09-14 15:43:24,149] - INFO - Errore nell'esecuzione del servizio No section: 'notesharingDBMS'
[2025-09-14 18:27:54,864] - INFO - Errore nell'esecuzione del servizio 'list' object has no attribute 'find'
